Arguments: 
  D:\Program Files\nodejs\node.exe C:\Users\jonat\AppData\Roaming\npm\node_modules\yarn\bin\yarn.js init

PATH: 
  D:\Users\jonat\AppData\Local\Programs\Python\Python310\Scripts\;D:\Users\jonat\AppData\Local\Programs\Python\Python310\;C:\Python39\Scripts\;C:\Python39\;C:\Program Files (x86)\Intel\Intel(R) Management Engine Components\iCLS\;C:\Program Files\Intel\Intel(R) Management Engine Components\iCLS\;C:\Windows\system32;C:\Windows;C:\Windows\System32\Wbem;C:\Windows\System32\WindowsPowerShell\v1.0\;C:\Windows\System32\OpenSSH\;C:\Program Files (x86)\Intel\Intel(R) Management Engine Components\DAL;C:\Program Files\Intel\Intel(R) Management Engine Components\DAL;C:\Program Files (x86)\Intel\Intel(R) Management Engine Components\IPT;C:\Program Files\Intel\Intel(R) Management Engine Components\IPT;C:\Program Files\Intel\WiFi\bin\;C:\Program Files\Common Files\Intel\WirelessCommon\;D:\Program Files\PuTTY\;D:\Program Files\nodejs\;C:\ProgramData\chocolatey\bin;D:\laragon\bin\php\php-8.2.6-Win32-vs16-x64;C:\ProgramData\ComposerSetup\bin;D:\Program Files\Symfony;C:\WINDOWS\system32;C:\WINDOWS;C:\WINDOWS\System32\Wbem;C:\WINDOWS\System32\WindowsPowerShell\v1.0\;C:\WINDOWS\System32\OpenSSH\;C:\Program Files\dotnet\;C:\Program Files\NVIDIA Corporation\NVIDIA NvDLISR;C:\Program Files (x86)\NVIDIA Corporation\PhysX\Common;C:\Program Files\Docker\Docker\resources\bin;C:\Program Files\Git\cmd;D:\Ruby30-x64\bin;C:\Users\jonat\AppData\Local\Microsoft\WindowsApps;D:\Users\jonat\AppData\Local\Programs\Microsoft VS Code\bin;C:\Users\jonat\AppData\Roaming\npm;C:\Users\jonat\AppData\Roaming\Composer\vendor\bin;D:\Program Files\JetBrains\PhpStorm 2023.1\bin;;D:\Program Files (x86)\Nmap;

Yarn version: 
  1.22.17

Node version: 
  14.17.3

Platform: 
  win32 x64

Trace: 
  Error: canceled
      at Interface.<anonymous> (C:\Users\jonat\AppData\Roaming\npm\node_modules\yarn\lib\cli.js:137143:13)
      at Interface.emit (events.js:375:28)
      at Interface._ttyWrite (readline.js:910:16)
      at ReadStream.onkeypress (readline.js:235:10)
      at ReadStream.emit (events.js:375:28)
      at emitKeys (internal/readline/utils.js:358:14)
      at emitKeys.next (<anonymous>)
      at ReadStream.onData (readline.js:1179:36)
      at ReadStream.emit (events.js:375:28)
      at addChunk (internal/streams/readable.js:290:12)

npm manifest: 
  No manifest

yarn manifest: 
  No manifest

Lockfile: 
  # THIS IS AN AUTOGENERATED FILE. DO NOT EDIT THIS FILE DIRECTLY.
  # yarn lockfile v1
